[0m14:13:19.086311 [debug] [MainThread]: Sending event: {'category': 'dbt', 'action': 'invocation', 'label': 'start', 'context': [<snowplow_tracker.self_describing_json.SelfDescribingJson object at 0x7cfd4b8a7320>, <snowplow_tracker.self_describing_json.SelfDescribingJson object at 0x7cfd4b384830>, <snowplow_tracker.self_describing_json.SelfDescribingJson object at 0x7cfd4b29e990>]}


============================== 14:13:19.089535 | 80860bbf-68f6-49b1-a231-03b212d377af ==============================
[0m14:13:19.089535 [info ] [MainThread]: Running with dbt=1.11.6
[0m14:13:19.090316 [debug] [MainThread]: running dbt with arguments {'warn_error': 'None', 'target_path': 'None', 'version_check': 'True', 'debug': 'False', 'empty': 'None', 'write_json': 'True', 'partial_parse': 'True', 'cache_selected_only': 'False', 'profiles_dir': '/home/codespace/.dbt', 'log_format': 'default', 'log_cache_events': 'False', 'use_colors': 'True', 'printer_width': '80', 'static_parser': 'True', 'invocation_command': 'dbt init my_dbt_project', 'use_experimental_parser': 'False', 'warn_error_options': 'WarnErrorOptionsV2(error=[], warn=[], silence=[])', 'quiet': 'False', 'log_path': 'logs', 'indirect_selection': 'eager', 'fail_fast': 'False', 'introspect': 'True', 'no_print': 'None', 'send_anonymous_usage_stats': 'True'}
[0m14:13:19.098788 [info ] [MainThread]: Creating dbt configuration folder at /home/codespace/.dbt
[0m14:13:19.100147 [debug] [MainThread]: Starter project path: /workspaces/Github-Actions/venv/lib/python3.12/site-packages/dbt/include/starter_project
[0m14:13:19.103772 [info ] [MainThread]: 
Your new dbt project "my_dbt_project" was created!

For more information on how to configure the profiles.yml file,
please consult the dbt documentation here:

  https://docs.getdbt.com/docs/configure-your-profile

One more thing:

Need help? Don't hesitate to reach out to us via GitHub issues or on Slack:

  https://community.getdbt.com/

Happy modeling!

[0m14:13:19.104352 [info ] [MainThread]: Setting up your profile.
[0m14:14:10.494171 [error] [MainThread]: Encountered an error:

[0m14:14:10.496764 [error] [MainThread]: Traceback (most recent call last):
  File "/workspaces/Github-Actions/venv/lib/python3.12/site-packages/dbt/cli/requires.py", line 182, in wrapper
    result, success = func(*args, **kwargs)
                      ^^^^^^^^^^^^^^^^^^^^^
  File "/workspaces/Github-Actions/venv/lib/python3.12/site-packages/dbt/cli/requires.py", line 128, in wrapper
    return func(*args, **kwargs)
           ^^^^^^^^^^^^^^^^^^^^^
  File "/workspaces/Github-Actions/venv/lib/python3.12/site-packages/dbt/cli/main.py", line 483, in init
    results = task.run()
              ^^^^^^^^^^
  File "/workspaces/Github-Actions/venv/lib/python3.12/site-packages/dbt/task/init.py", line 346, in run
    self.setup_profile(profile_name)
  File "/workspaces/Github-Actions/venv/lib/python3.12/site-packages/dbt/task/init.py", line 262, in setup_profile
    self.create_profile_from_target(adapter, profile_name=profile_name)
  File "/workspaces/Github-Actions/venv/lib/python3.12/site-packages/dbt/task/init.py", line 179, in create_profile_from_target
    self.create_profile_from_profile_template(profile_template, profile_name)
  File "/workspaces/Github-Actions/venv/lib/python3.12/site-packages/dbt/task/init.py", line 163, in create_profile_from_profile_template
    target = self.generate_target_from_input(prompts, initial_target)
             ^^^^^^^^^^^^^^^^^^^^^^^^^^^^^^^^^^^^^^^^^^^^^^^^^^^^^^^^
  File "/workspaces/Github-Actions/venv/lib/python3.12/site-packages/dbt/task/init.py", line 129, in generate_target_from_input
    target[key] = click.prompt(
                  ^^^^^^^^^^^^^
  File "/workspaces/Github-Actions/venv/lib/python3.12/site-packages/click/termui.py", line 171, in prompt
    value = prompt_func(prompt)
            ^^^^^^^^^^^^^^^^^^^
  File "/workspaces/Github-Actions/venv/lib/python3.12/site-packages/click/termui.py", line 154, in prompt_func
    raise Abort() from None
click.exceptions.Abort

[0m14:14:10.498499 [debug] [MainThread]: Resource report: {"command_name": "init", "command_success": false, "command_wall_clock_time": 51.474865, "process_in_blocks": "3304", "process_kernel_time": 0.11768, "process_mem_max_rss": "105908", "process_out_blocks": "72", "process_user_time": 1.459044}
[0m14:14:10.499340 [debug] [MainThread]: Command `dbt init` failed at 14:14:10.499132 after 51.48 seconds
[0m14:14:10.500020 [debug] [MainThread]: Sending event: {'category': 'dbt', 'action': 'invocation', 'label': 'end', 'context': [<snowplow_tracker.self_describing_json.SelfDescribingJson object at 0x7cfd4aaff260>, <snowplow_tracker.self_describing_json.SelfDescribingJson object at 0x7cfd4a9cd970>, <snowplow_tracker.self_describing_json.SelfDescribingJson object at 0x7cfd4b886330>]}
[0m14:14:10.500503 [debug] [MainThread]: Flushing usage events
[0m14:14:10.902120 [debug] [MainThread]: An error was encountered while trying to flush usage events
